\BOOKMARK [1][-]{section.1}{Introduction}{}% 1
\BOOKMARK [1][-]{section.2}{Convolutional Neural Networks}{}% 2
\BOOKMARK [2][-]{subsection.2.1}{Setup}{section.2}% 3
\BOOKMARK [3][-]{subsubsection.2.1.1}{Convolution Layer}{subsection.2.1}% 4
\BOOKMARK [3][-]{subsubsection.2.1.2}{Local Response Normalization Layer}{subsection.2.1}% 5
\BOOKMARK [3][-]{subsubsection.2.1.3}{Pooling Layer}{subsection.2.1}% 6
\BOOKMARK [3][-]{subsubsection.2.1.4}{Fully Connected Layer}{subsection.2.1}% 7
\BOOKMARK [3][-]{subsubsection.2.1.5}{Implementation and Training}{subsection.2.1}% 8
\BOOKMARK [2][-]{subsection.2.2}{Configurations and Results}{section.2}% 9
\BOOKMARK [2][-]{subsection.2.3}{Discussions}{section.2}% 10
\BOOKMARK [3][-]{subsubsection.2.3.1}{Pooling}{subsection.2.3}% 11
\BOOKMARK [3][-]{subsubsection.2.3.2}{}{subsection.2.3}% 12
\BOOKMARK [1][-]{section.3}{K-Nearest Neighbours}{}% 13
\BOOKMARK [2][-]{subsection.3.1}{Setup}{section.3}% 14
\BOOKMARK [2][-]{subsection.3.2}{Determining PCA Dimension}{section.3}% 15
\BOOKMARK [2][-]{subsection.3.3}{Determining K}{section.3}% 16
\BOOKMARK [2][-]{subsection.3.4}{Grayscale PCA Pixel Values}{section.3}% 17
\BOOKMARK [3][-]{subsubsection.3.4.1}{Concluding Remarks}{subsection.3.4}% 18
\BOOKMARK [1][-]{section.4}{Support Vector Machines \(Bag of Features\)}{}% 19
\BOOKMARK [2][-]{subsection.4.1}{Setup}{section.4}% 20
\BOOKMARK [2][-]{subsection.4.2}{Configs \046 Hand-Crafted Features}{section.4}% 21
\BOOKMARK [2][-]{subsection.4.3}{Results}{section.4}% 22
\BOOKMARK [3][-]{subsubsection.4.3.1}{Addendum}{subsection.4.3}% 23
\BOOKMARK [2][-]{subsection.4.4}{Sanity Check}{section.4}% 24
\BOOKMARK [2][-]{subsection.4.5}{Conclusion}{section.4}% 25
\BOOKMARK [1][-]{section.5}{Conclusion}{}% 26
